<html>
<head>
<title>TestNG:  Test</title>
<link href="../testng.css" rel="stylesheet" type="text/css" />
<link href="../my-testng.css" rel="stylesheet" type="text/css" />

<style type="text/css">
.log { display: none;} 
.stack-trace { display: none;} 
</style>
<script type="text/javascript">
<!--
function flip(e) {
  current = e.style.display;
  if (current == 'block') {
    e.style.display = 'none';
    return 0;
  }
  else {
    e.style.display = 'block';
    return 1;
  }
}

function toggleBox(szDivId, elem, msg1, msg2)
{
  var res = -1;  if (document.getElementById) {
    res = flip(document.getElementById(szDivId));
  }
  else if (document.all) {
    // this is the way old msie versions work
    res = flip(document.all[szDivId]);
  }
  if(elem) {
    if(res == 0) elem.innerHTML = msg1; else elem.innerHTML = msg2;
  }

}

function toggleAllBoxes() {
  if (document.getElementsByTagName) {
    d = document.getElementsByTagName('div');
    for (i = 0; i < d.length; i++) {
      if (d[i].className == 'log') {
        flip(d[i]);
      }
    }
  }
}

// -->
</script>

</head>
<body>
<h2 align='center'>Test</h2><table border='1' align="center">
<tr>
<td>Tests passed/Failed/Skipped:</td><td>57/5/2</td>
</tr><tr>
<td>Started on:</td><td>Sat Sep 24 10:43:14 IST 2022</td>
</tr>
<tr><td>Total time:</td><td>191 seconds (191156 ms)</td>
</tr><tr>
<td>Included groups:</td><td></td>
</tr><tr>
<td>Excluded groups:</td><td></td>
</tr>
</table><p/>
<small><i>(Hover the method name to see the test class name)</i></small><p/>
<table width='100%' border='1' class='invocation-failed'>
<tr><td colspan='4' align='center'><b>FAILED TESTS</b></td></tr>
<tr><td><b>Test method</b></td>
<td width="30%"><b>Exception</b></td>
<td width="10%"><b>Time (seconds)</b></td>
<td><b>Instance</b></td>
</tr>
<tr>
<td title='retryAnalyzer.RuntimeRetry.Test2()'><b>Test2</b><br>Test class: retryAnalyzer.RuntimeRetry</td>
<td><div><pre>java.lang.AssertionError: expected [true] but found [false]
	at retryAnalyzer.RuntimeRetry.Test2(RuntimeRetry.java:14)
... Removed 39 stack frames</pre></div><a href='#' onClick='toggleBox("stack-trace542598487", this, "Click to show all stack frames", "Click to hide stack frames")'>Click to show all stack frames</a>
<div class='stack-trace' id='stack-trace542598487'><pre>java.lang.AssertionError: expected [true] but found [false]
	at org.testng.Assert.fail(Assert.java:94)
	at org.testng.Assert.failNotEquals(Assert.java:513)
	at org.testng.Assert.assertEqualsImpl(Assert.java:135)
	at org.testng.Assert.assertEquals(Assert.java:116)
	at org.testng.Assert.assertEquals(Assert.java:305)
	at org.testng.Assert.assertEquals(Assert.java:315)
	at retryAnalyzer.RuntimeRetry.Test2(RuntimeRetry.java:14)
	at sun.reflect.NativeMethodAccessorImpl.invoke0(Native Method)
	at sun.reflect.NativeMethodAccessorImpl.invoke(NativeMethodAccessorImpl.java:62)
	at sun.reflect.DelegatingMethodAccessorImpl.invoke(DelegatingMethodAccessorImpl.java:43)
	at java.lang.reflect.Method.invoke(Method.java:498)
	at org.testng.internal.MethodInvocationHelper.invokeMethod(MethodInvocationHelper.java:86)
	at org.testng.internal.Invoker.invokeMethod(Invoker.java:643)
	at org.testng.internal.Invoker.invokeTestMethod(Invoker.java:820)
	at org.testng.internal.Invoker.invokeTestMethods(Invoker.java:1128)
	at org.testng.internal.TestMethodWorker.invokeTestMethods(TestMethodWorker.java:129)
	at org.testng.internal.TestMethodWorker.run(TestMethodWorker.java:112)
	at org.testng.TestRunner.privateRun(TestRunner.java:782)
	at org.testng.TestRunner.run(TestRunner.java:632)
	at org.testng.SuiteRunner.runTest(SuiteRunner.java:366)
	at org.testng.SuiteRunner.runSequentially(SuiteRunner.java:361)
	at org.testng.SuiteRunner.privateRun(SuiteRunner.java:319)
	at org.testng.SuiteRunner.run(SuiteRunner.java:268)
	at org.testng.SuiteRunnerWorker.runSuite(SuiteRunnerWorker.java:52)
	at org.testng.SuiteRunnerWorker.run(SuiteRunnerWorker.java:86)
	at org.testng.TestNG.runSuitesSequentially(TestNG.java:1244)
	at org.testng.TestNG.runSuitesLocally(TestNG.java:1169)
	at org.testng.TestNG.run(TestNG.java:1064)
	at org.apache.maven.surefire.testng.TestNGExecutor.run(TestNGExecutor.java:178)
	at org.apache.maven.surefire.testng.TestNGXmlTestSuite.execute(TestNGXmlTestSuite.java:92)
	at org.apache.maven.surefire.testng.TestNGProvider.invoke(TestNGProvider.java:96)
	at sun.reflect.NativeMethodAccessorImpl.invoke0(Native Method)
	at sun.reflect.NativeMethodAccessorImpl.invoke(NativeMethodAccessorImpl.java:62)
	at sun.reflect.DelegatingMethodAccessorImpl.invoke(DelegatingMethodAccessorImpl.java:43)
	at java.lang.reflect.Method.invoke(Method.java:498)
	at org.apache.maven.surefire.util.ReflectionUtils.invokeMethodWithArray(ReflectionUtils.java:189)
	at org.apache.maven.surefire.booter.ProviderFactory$ProviderProxy.invoke(ProviderFactory.java:165)
	at org.apache.maven.surefire.booter.ProviderFactory.invokeProvider(ProviderFactory.java:85)
	at org.apache.maven.surefire.booter.ForkedBooter.runSuitesInProcess(ForkedBooter.java:115)
	at org.apache.maven.surefire.booter.ForkedBooter.main(ForkedBooter.java:75)
</pre></div></td>
<td>0</td>
<td>retryAnalyzer.RuntimeRetry@1d082e88</td></tr>
<tr>
<td title='actitimeTestNG.Actitime_Dependson.openBrowserAndAppURL()'><b>openBrowserAndAppURL</b><br>Test class: actitimeTestNG.Actitime_Dependson</td>
<td><div><pre>java.lang.ArithmeticException: / by zero
	at actitimeTestNG.Actitime_Dependson.openBrowserAndAppURL(Actitime_Dependson.java:9)
... Removed 33 stack frames</pre></div><a href='#' onClick='toggleBox("stack-trace1291485735", this, "Click to show all stack frames", "Click to hide stack frames")'>Click to show all stack frames</a>
<div class='stack-trace' id='stack-trace1291485735'><pre>java.lang.ArithmeticException: / by zero
	at actitimeTestNG.Actitime_Dependson.openBrowserAndAppURL(Actitime_Dependson.java:9)
	at sun.reflect.NativeMethodAccessorImpl.invoke0(Native Method)
	at sun.reflect.NativeMethodAccessorImpl.invoke(NativeMethodAccessorImpl.java:62)
	at sun.reflect.DelegatingMethodAccessorImpl.invoke(DelegatingMethodAccessorImpl.java:43)
	at java.lang.reflect.Method.invoke(Method.java:498)
	at org.testng.internal.MethodInvocationHelper.invokeMethod(MethodInvocationHelper.java:86)
	at org.testng.internal.Invoker.invokeMethod(Invoker.java:643)
	at org.testng.internal.Invoker.invokeTestMethod(Invoker.java:820)
	at org.testng.internal.Invoker.invokeTestMethods(Invoker.java:1128)
	at org.testng.internal.TestMethodWorker.invokeTestMethods(TestMethodWorker.java:129)
	at org.testng.internal.TestMethodWorker.run(TestMethodWorker.java:112)
	at org.testng.TestRunner.privateRun(TestRunner.java:782)
	at org.testng.TestRunner.run(TestRunner.java:632)
	at org.testng.SuiteRunner.runTest(SuiteRunner.java:366)
	at org.testng.SuiteRunner.runSequentially(SuiteRunner.java:361)
	at org.testng.SuiteRunner.privateRun(SuiteRunner.java:319)
	at org.testng.SuiteRunner.run(SuiteRunner.java:268)
	at org.testng.SuiteRunnerWorker.runSuite(SuiteRunnerWorker.java:52)
	at org.testng.SuiteRunnerWorker.run(SuiteRunnerWorker.java:86)
	at org.testng.TestNG.runSuitesSequentially(TestNG.java:1244)
	at org.testng.TestNG.runSuitesLocally(TestNG.java:1169)
	at org.testng.TestNG.run(TestNG.java:1064)
	at org.apache.maven.surefire.testng.TestNGExecutor.run(TestNGExecutor.java:178)
	at org.apache.maven.surefire.testng.TestNGXmlTestSuite.execute(TestNGXmlTestSuite.java:92)
	at org.apache.maven.surefire.testng.TestNGProvider.invoke(TestNGProvider.java:96)
	at sun.reflect.NativeMethodAccessorImpl.invoke0(Native Method)
	at sun.reflect.NativeMethodAccessorImpl.invoke(NativeMethodAccessorImpl.java:62)
	at sun.reflect.DelegatingMethodAccessorImpl.invoke(DelegatingMethodAccessorImpl.java:43)
	at java.lang.reflect.Method.invoke(Method.java:498)
	at org.apache.maven.surefire.util.ReflectionUtils.invokeMethodWithArray(ReflectionUtils.java:189)
	at org.apache.maven.surefire.booter.ProviderFactory$ProviderProxy.invoke(ProviderFactory.java:165)
	at org.apache.maven.surefire.booter.ProviderFactory.invokeProvider(ProviderFactory.java:85)
	at org.apache.maven.surefire.booter.ForkedBooter.runSuitesInProcess(ForkedBooter.java:115)
	at org.apache.maven.surefire.booter.ForkedBooter.main(ForkedBooter.java:75)
</pre></div></td>
<td>0</td>
<td>actitimeTestNG.Actitime_Dependson@23f7d05d</td></tr>
<tr>
<td title='anotation.AnoalwaysRun.test1()'><b>test1</b><br>Test class: anotation.AnoalwaysRun</td>
<td><div><pre>java.lang.AssertionError: expected [true] but found [false]
	at anotation.AnoalwaysRun.test1(AnoalwaysRun.java:9)
... Removed 37 stack frames</pre></div><a href='#' onClick='toggleBox("stack-trace1356054329", this, "Click to show all stack frames", "Click to hide stack frames")'>Click to show all stack frames</a>
<div class='stack-trace' id='stack-trace1356054329'><pre>java.lang.AssertionError: expected [true] but found [false]
	at org.testng.Assert.fail(Assert.java:94)
	at org.testng.Assert.failNotEquals(Assert.java:513)
	at org.testng.Assert.assertTrue(Assert.java:42)
	at org.testng.Assert.assertTrue(Assert.java:52)
	at anotation.AnoalwaysRun.test1(AnoalwaysRun.java:9)
	at sun.reflect.NativeMethodAccessorImpl.invoke0(Native Method)
	at sun.reflect.NativeMethodAccessorImpl.invoke(NativeMethodAccessorImpl.java:62)
	at sun.reflect.DelegatingMethodAccessorImpl.invoke(DelegatingMethodAccessorImpl.java:43)
	at java.lang.reflect.Method.invoke(Method.java:498)
	at org.testng.internal.MethodInvocationHelper.invokeMethod(MethodInvocationHelper.java:86)
	at org.testng.internal.Invoker.invokeMethod(Invoker.java:643)
	at org.testng.internal.Invoker.invokeTestMethod(Invoker.java:820)
	at org.testng.internal.Invoker.invokeTestMethods(Invoker.java:1128)
	at org.testng.internal.TestMethodWorker.invokeTestMethods(TestMethodWorker.java:129)
	at org.testng.internal.TestMethodWorker.run(TestMethodWorker.java:112)
	at org.testng.TestRunner.privateRun(TestRunner.java:782)
	at org.testng.TestRunner.run(TestRunner.java:632)
	at org.testng.SuiteRunner.runTest(SuiteRunner.java:366)
	at org.testng.SuiteRunner.runSequentially(SuiteRunner.java:361)
	at org.testng.SuiteRunner.privateRun(SuiteRunner.java:319)
	at org.testng.SuiteRunner.run(SuiteRunner.java:268)
	at org.testng.SuiteRunnerWorker.runSuite(SuiteRunnerWorker.java:52)
	at org.testng.SuiteRunnerWorker.run(SuiteRunnerWorker.java:86)
	at org.testng.TestNG.runSuitesSequentially(TestNG.java:1244)
	at org.testng.TestNG.runSuitesLocally(TestNG.java:1169)
	at org.testng.TestNG.run(TestNG.java:1064)
	at org.apache.maven.surefire.testng.TestNGExecutor.run(TestNGExecutor.java:178)
	at org.apache.maven.surefire.testng.TestNGXmlTestSuite.execute(TestNGXmlTestSuite.java:92)
	at org.apache.maven.surefire.testng.TestNGProvider.invoke(TestNGProvider.java:96)
	at sun.reflect.NativeMethodAccessorImpl.invoke0(Native Method)
	at sun.reflect.NativeMethodAccessorImpl.invoke(NativeMethodAccessorImpl.java:62)
	at sun.reflect.DelegatingMethodAccessorImpl.invoke(DelegatingMethodAccessorImpl.java:43)
	at java.lang.reflect.Method.invoke(Method.java:498)
	at org.apache.maven.surefire.util.ReflectionUtils.invokeMethodWithArray(ReflectionUtils.java:189)
	at org.apache.maven.surefire.booter.ProviderFactory$ProviderProxy.invoke(ProviderFactory.java:165)
	at org.apache.maven.surefire.booter.ProviderFactory.invokeProvider(ProviderFactory.java:85)
	at org.apache.maven.surefire.booter.ForkedBooter.runSuitesInProcess(ForkedBooter.java:115)
	at org.apache.maven.surefire.booter.ForkedBooter.main(ForkedBooter.java:75)
</pre></div></td>
<td>0</td>
<td>anotation.AnoalwaysRun@7fc2413d</td></tr>
<tr>
<td title='anotation.AnoalwaysRun.test2()'><b>test2</b><br>Test class: anotation.AnoalwaysRun</td>
<td><div><pre>java.lang.AssertionError: Method fail
	at anotation.AnoalwaysRun.test2(AnoalwaysRun.java:14)
... Removed 34 stack frames</pre></div><a href='#' onClick='toggleBox("stack-trace696591495", this, "Click to show all stack frames", "Click to hide stack frames")'>Click to show all stack frames</a>
<div class='stack-trace' id='stack-trace696591495'><pre>java.lang.AssertionError: Method fail
	at org.testng.Assert.fail(Assert.java:94)
	at anotation.AnoalwaysRun.test2(AnoalwaysRun.java:14)
	at sun.reflect.NativeMethodAccessorImpl.invoke0(Native Method)
	at sun.reflect.NativeMethodAccessorImpl.invoke(NativeMethodAccessorImpl.java:62)
	at sun.reflect.DelegatingMethodAccessorImpl.invoke(DelegatingMethodAccessorImpl.java:43)
	at java.lang.reflect.Method.invoke(Method.java:498)
	at org.testng.internal.MethodInvocationHelper.invokeMethod(MethodInvocationHelper.java:86)
	at org.testng.internal.Invoker.invokeMethod(Invoker.java:643)
	at org.testng.internal.Invoker.invokeTestMethod(Invoker.java:820)
	at org.testng.internal.Invoker.invokeTestMethods(Invoker.java:1128)
	at org.testng.internal.TestMethodWorker.invokeTestMethods(TestMethodWorker.java:129)
	at org.testng.internal.TestMethodWorker.run(TestMethodWorker.java:112)
	at org.testng.TestRunner.privateRun(TestRunner.java:782)
	at org.testng.TestRunner.run(TestRunner.java:632)
	at org.testng.SuiteRunner.runTest(SuiteRunner.java:366)
	at org.testng.SuiteRunner.runSequentially(SuiteRunner.java:361)
	at org.testng.SuiteRunner.privateRun(SuiteRunner.java:319)
	at org.testng.SuiteRunner.run(SuiteRunner.java:268)
	at org.testng.SuiteRunnerWorker.runSuite(SuiteRunnerWorker.java:52)
	at org.testng.SuiteRunnerWorker.run(SuiteRunnerWorker.java:86)
	at org.testng.TestNG.runSuitesSequentially(TestNG.java:1244)
	at org.testng.TestNG.runSuitesLocally(TestNG.java:1169)
	at org.testng.TestNG.run(TestNG.java:1064)
	at org.apache.maven.surefire.testng.TestNGExecutor.run(TestNGExecutor.java:178)
	at org.apache.maven.surefire.testng.TestNGXmlTestSuite.execute(TestNGXmlTestSuite.java:92)
	at org.apache.maven.surefire.testng.TestNGProvider.invoke(TestNGProvider.java:96)
	at sun.reflect.NativeMethodAccessorImpl.invoke0(Native Method)
	at sun.reflect.NativeMethodAccessorImpl.invoke(NativeMethodAccessorImpl.java:62)
	at sun.reflect.DelegatingMethodAccessorImpl.invoke(DelegatingMethodAccessorImpl.java:43)
	at java.lang.reflect.Method.invoke(Method.java:498)
	at org.apache.maven.surefire.util.ReflectionUtils.invokeMethodWithArray(ReflectionUtils.java:189)
	at org.apache.maven.surefire.booter.ProviderFactory$ProviderProxy.invoke(ProviderFactory.java:165)
	at org.apache.maven.surefire.booter.ProviderFactory.invokeProvider(ProviderFactory.java:85)
	at org.apache.maven.surefire.booter.ForkedBooter.runSuitesInProcess(ForkedBooter.java:115)
	at org.apache.maven.surefire.booter.ForkedBooter.main(ForkedBooter.java:75)
</pre></div></td>
<td>0</td>
<td>anotation.AnoalwaysRun@7fc2413d</td></tr>
<tr>
<td title='excelReading.UpdateExcel.updateExcel()'><b>updateExcel</b><br>Test class: excelReading.UpdateExcel</td>
<td><div><pre>java.lang.NullPointerException
	at excelReading.UpdateExcel.updateExcel(UpdateExcel.java:23)
... Removed 33 stack frames</pre></div><a href='#' onClick='toggleBox("stack-trace837719796", this, "Click to show all stack frames", "Click to hide stack frames")'>Click to show all stack frames</a>
<div class='stack-trace' id='stack-trace837719796'><pre>java.lang.NullPointerException
	at excelReading.UpdateExcel.updateExcel(UpdateExcel.java:23)
	at sun.reflect.NativeMethodAccessorImpl.invoke0(Native Method)
	at sun.reflect.NativeMethodAccessorImpl.invoke(NativeMethodAccessorImpl.java:62)
	at sun.reflect.DelegatingMethodAccessorImpl.invoke(DelegatingMethodAccessorImpl.java:43)
	at java.lang.reflect.Method.invoke(Method.java:498)
	at org.testng.internal.MethodInvocationHelper.invokeMethod(MethodInvocationHelper.java:86)
	at org.testng.internal.Invoker.invokeMethod(Invoker.java:643)
	at org.testng.internal.Invoker.invokeTestMethod(Invoker.java:820)
	at org.testng.internal.Invoker.invokeTestMethods(Invoker.java:1128)
	at org.testng.internal.TestMethodWorker.invokeTestMethods(TestMethodWorker.java:129)
	at org.testng.internal.TestMethodWorker.run(TestMethodWorker.java:112)
	at org.testng.TestRunner.privateRun(TestRunner.java:782)
	at org.testng.TestRunner.run(TestRunner.java:632)
	at org.testng.SuiteRunner.runTest(SuiteRunner.java:366)
	at org.testng.SuiteRunner.runSequentially(SuiteRunner.java:361)
	at org.testng.SuiteRunner.privateRun(SuiteRunner.java:319)
	at org.testng.SuiteRunner.run(SuiteRunner.java:268)
	at org.testng.SuiteRunnerWorker.runSuite(SuiteRunnerWorker.java:52)
	at org.testng.SuiteRunnerWorker.run(SuiteRunnerWorker.java:86)
	at org.testng.TestNG.runSuitesSequentially(TestNG.java:1244)
	at org.testng.TestNG.runSuitesLocally(TestNG.java:1169)
	at org.testng.TestNG.run(TestNG.java:1064)
	at org.apache.maven.surefire.testng.TestNGExecutor.run(TestNGExecutor.java:178)
	at org.apache.maven.surefire.testng.TestNGXmlTestSuite.execute(TestNGXmlTestSuite.java:92)
	at org.apache.maven.surefire.testng.TestNGProvider.invoke(TestNGProvider.java:96)
	at sun.reflect.NativeMethodAccessorImpl.invoke0(Native Method)
	at sun.reflect.NativeMethodAccessorImpl.invoke(NativeMethodAccessorImpl.java:62)
	at sun.reflect.DelegatingMethodAccessorImpl.invoke(DelegatingMethodAccessorImpl.java:43)
	at java.lang.reflect.Method.invoke(Method.java:498)
	at org.apache.maven.surefire.util.ReflectionUtils.invokeMethodWithArray(ReflectionUtils.java:189)
	at org.apache.maven.surefire.booter.ProviderFactory$ProviderProxy.invoke(ProviderFactory.java:165)
	at org.apache.maven.surefire.booter.ProviderFactory.invokeProvider(ProviderFactory.java:85)
	at org.apache.maven.surefire.booter.ForkedBooter.runSuitesInProcess(ForkedBooter.java:115)
	at org.apache.maven.surefire.booter.ForkedBooter.main(ForkedBooter.java:75)
</pre></div></td>
<td>0</td>
<td>excelReading.UpdateExcel@6293abcc</td></tr>
</table><p>
<table width='100%' border='1' class='invocation-passed'>
<tr><td colspan='4' align='center'><b>PASSED TESTS</b></td></tr>
<tr><td><b>Test method</b></td>
<td width="30%"><b>Exception</b></td>
<td width="10%"><b>Time (seconds)</b></td>
<td><b>Instance</b></td>
</tr>
<tr>
<td title='dataProvider.GroupExample.Addition()'><b>Addition</b><br>Test class: dataProvider.GroupExample</td>
<td></td>
<td>0</td>
<td>dataProvider.GroupExample@7d3a22a9</td></tr>
<tr>
<td title='dataProvider.GroupExample.Division()'><b>Division</b><br>Test class: dataProvider.GroupExample</td>
<td></td>
<td>0</td>
<td>dataProvider.GroupExample@7d3a22a9</td></tr>
<tr>
<td title='dataProvider.GroupExample.Modulus()'><b>Modulus</b><br>Test class: dataProvider.GroupExample</td>
<td></td>
<td>0</td>
<td>dataProvider.GroupExample@7d3a22a9</td></tr>
<tr>
<td title='dataProvider.GroupExample.Multiplication()'><b>Multiplication</b><br>Test class: dataProvider.GroupExample</td>
<td></td>
<td>0</td>
<td>dataProvider.GroupExample@7d3a22a9</td></tr>
<tr>
<td title='dataProvider.GroupExample.Percentage()'><b>Percentage</b><br>Test class: dataProvider.GroupExample</td>
<td></td>
<td>0</td>
<td>dataProvider.GroupExample@7d3a22a9</td></tr>
<tr>
<td title='report.TestReport.ReportTest1()'><b>ReportTest1</b><br>Test class: report.TestReport</td>
<td></td>
<td>26</td>
<td>report.TestReport@4c15e7fd</td></tr>
<tr>
<td title='dataProvider.GroupExample.Substraction()'><b>Substraction</b><br>Test class: dataProvider.GroupExample</td>
<td></td>
<td>0</td>
<td>dataProvider.GroupExample@7d3a22a9</td></tr>
<tr>
<td title='retryAnalyzer.MyTest.Test1()'><b>Test1</b><br>Test class: retryAnalyzer.MyTest</td>
<td></td>
<td>0</td>
<td>retryAnalyzer.MyTest@7995092a</td></tr>
<tr>
<td title='retryAnalyzer.RuntimeRetry.Test1()'><b>Test1</b><br>Test class: retryAnalyzer.RuntimeRetry</td>
<td></td>
<td>0</td>
<td>retryAnalyzer.RuntimeRetry@1d082e88</td></tr>
<tr>
<td title='retryAnalyzer.MyTest.Test2()'><b>Test2</b><br>Test class: retryAnalyzer.MyTest</td>
<td></td>
<td>0</td>
<td>retryAnalyzer.MyTest@7995092a</td></tr>
<tr>
<td title='sample.Sample3.a_signUp()'><b>a_signUp</b><br>Test class: sample.Sample3</td>
<td></td>
<td>0</td>
<td>sample.Sample3@43ee72e6</td></tr>
<tr>
<td title='dataProvider.IncludeExclude.addDepartmentTestCase()'><b>addDepartmentTestCase</b><br>Test class: dataProvider.IncludeExclude</td>
<td></td>
<td>0</td>
<td>dataProvider.IncludeExclude@f8c1ddd</td></tr>
<tr>
<td title='dataProvider.IncludeExclude.addEmployeeTestCase()'><b>addEmployeeTestCase</b><br>Test class: dataProvider.IncludeExclude</td>
<td></td>
<td>0</td>
<td>dataProvider.IncludeExclude@f8c1ddd</td></tr>
<tr>
<td title='dataProvider.IncludeExclude.addLocationTestCase()'><b>addLocationTestCase</b><br>Test class: dataProvider.IncludeExclude</td>
<td></td>
<td>0</td>
<td>dataProvider.IncludeExclude@f8c1ddd</td></tr>
<tr>
<td title='sample.Sample3.b_login()'><b>b_login</b><br>Test class: sample.Sample3</td>
<td></td>
<td>0</td>
<td>sample.Sample3@43ee72e6</td></tr>
<tr>
<td title='sample.Sample3.c_compose()'><b>c_compose</b><br>Test class: sample.Sample3</td>
<td></td>
<td>0</td>
<td>sample.Sample3@43ee72e6</td></tr>
<tr>
<td title='sample.Sample2.compose()'><b>compose</b><br>Test class: sample.Sample2</td>
<td></td>
<td>0</td>
<td>sample.Sample2@75f32542</td></tr>
<tr>
<td title='actitimeTestNG.Actitime_enabled.createTask()'><b>createTask</b><br>Test class: actitimeTestNG.Actitime_enabled</td>
<td></td>
<td>0</td>
<td>actitimeTestNG.Actitime_enabled@1df82230</td></tr>
<tr>
<td title='actitimeTestNG.Actitime_Dependson.createTask()'><b>createTask</b><br>Test class: actitimeTestNG.Actitime_Dependson</td>
<td></td>
<td>0</td>
<td>actitimeTestNG.Actitime_Dependson@23f7d05d</td></tr>
<tr>
<td title='actitimeTestNG.Actitime_Priority.createTask()'><b>createTask</b><br>Test class: actitimeTestNG.Actitime_Priority</td>
<td></td>
<td>0</td>
<td>actitimeTestNG.Actitime_Priority@6b19b79</td></tr>
<tr>
<td title='actitimeTestNG.Actitime_ExceptionAndTimeout.dividedByZeroExample1()'><b>dividedByZeroExample1</b><br>Test class: actitimeTestNG.Actitime_ExceptionAndTimeout</td>
<td><div><pre>java.lang.ArithmeticException: / by zero
	at actitimeTestNG.Actitime_ExceptionAndTimeout.dividedByZeroExample1(Actitime_ExceptionAndTimeout.java:13)
... Removed 33 stack frames</pre></div><a href='#' onClick='toggleBox("stack-trace1206678562", this, "Click to show all stack frames", "Click to hide stack frames")'>Click to show all stack frames</a>
<div class='stack-trace' id='stack-trace1206678562'><pre>java.lang.ArithmeticException: / by zero
	at actitimeTestNG.Actitime_ExceptionAndTimeout.dividedByZeroExample1(Actitime_ExceptionAndTimeout.java:13)
	at sun.reflect.NativeMethodAccessorImpl.invoke0(Native Method)
	at sun.reflect.NativeMethodAccessorImpl.invoke(NativeMethodAccessorImpl.java:62)
	at sun.reflect.DelegatingMethodAccessorImpl.invoke(DelegatingMethodAccessorImpl.java:43)
	at java.lang.reflect.Method.invoke(Method.java:498)
	at org.testng.internal.MethodInvocationHelper.invokeMethod(MethodInvocationHelper.java:86)
	at org.testng.internal.Invoker.invokeMethod(Invoker.java:643)
	at org.testng.internal.Invoker.invokeTestMethod(Invoker.java:820)
	at org.testng.internal.Invoker.invokeTestMethods(Invoker.java:1128)
	at org.testng.internal.TestMethodWorker.invokeTestMethods(TestMethodWorker.java:129)
	at org.testng.internal.TestMethodWorker.run(TestMethodWorker.java:112)
	at org.testng.TestRunner.privateRun(TestRunner.java:782)
	at org.testng.TestRunner.run(TestRunner.java:632)
	at org.testng.SuiteRunner.runTest(SuiteRunner.java:366)
	at org.testng.SuiteRunner.runSequentially(SuiteRunner.java:361)
	at org.testng.SuiteRunner.privateRun(SuiteRunner.java:319)
	at org.testng.SuiteRunner.run(SuiteRunner.java:268)
	at org.testng.SuiteRunnerWorker.runSuite(SuiteRunnerWorker.java:52)
	at org.testng.SuiteRunnerWorker.run(SuiteRunnerWorker.java:86)
	at org.testng.TestNG.runSuitesSequentially(TestNG.java:1244)
	at org.testng.TestNG.runSuitesLocally(TestNG.java:1169)
	at org.testng.TestNG.run(TestNG.java:1064)
	at org.apache.maven.surefire.testng.TestNGExecutor.run(TestNGExecutor.java:178)
	at org.apache.maven.surefire.testng.TestNGXmlTestSuite.execute(TestNGXmlTestSuite.java:92)
	at org.apache.maven.surefire.testng.TestNGProvider.invoke(TestNGProvider.java:96)
	at sun.reflect.NativeMethodAccessorImpl.invoke0(Native Method)
	at sun.reflect.NativeMethodAccessorImpl.invoke(NativeMethodAccessorImpl.java:62)
	at sun.reflect.DelegatingMethodAccessorImpl.invoke(DelegatingMethodAccessorImpl.java:43)
	at java.lang.reflect.Method.invoke(Method.java:498)
	at org.apache.maven.surefire.util.ReflectionUtils.invokeMethodWithArray(ReflectionUtils.java:189)
	at org.apache.maven.surefire.booter.ProviderFactory$ProviderProxy.invoke(ProviderFactory.java:165)
	at org.apache.maven.surefire.booter.ProviderFactory.invokeProvider(ProviderFactory.java:85)
	at org.apache.maven.surefire.booter.ForkedBooter.runSuitesInProcess(ForkedBooter.java:115)
	at org.apache.maven.surefire.booter.ForkedBooter.main(ForkedBooter.java:75)
</pre></div></td>
<td>0</td>
<td>actitimeTestNG.Actitime_ExceptionAndTimeout@2133814f</td></tr>
<tr>
<td title='actitimeTestNG.Actitime_ExceptionAndTimeout.executetimeOut()'><b>executetimeOut</b><br>Test class: actitimeTestNG.Actitime_ExceptionAndTimeout</td>
<td></td>
<td>0</td>
<td>actitimeTestNG.Actitime_ExceptionAndTimeout@2133814f</td></tr>
<tr>
<td title='excelReading.ExcelReading.getCellData()'><b>getCellData</b><br>Test class: excelReading.ExcelReading</td>
<td></td>
<td>0</td>
<td>excelReading.ExcelReading@5a955565</td></tr>
<tr>
<td title='excelReading.ExcelReading.getCellDetails()'><b>getCellDetails</b><br>Test class: excelReading.ExcelReading</td>
<td></td>
<td>0</td>
<td>excelReading.ExcelReading@5a955565</td></tr>
<tr>
<td title='excelReading.ExcelReading.getRowDetails()'><b>getRowDetails</b><br>Test class: excelReading.ExcelReading</td>
<td></td>
<td>0</td>
<td>excelReading.ExcelReading@5a955565</td></tr>
<tr>
<td title='sample.Sample2.login()'><b>login</b><br>Test class: sample.Sample2</td>
<td></td>
<td>0</td>
<td>sample.Sample2@75f32542</td></tr>
<tr>
<td title='actitimeTestNG.Actitime_Priority.login()'><b>login</b><br>Test class: actitimeTestNG.Actitime_Priority</td>
<td></td>
<td>0</td>
<td>actitimeTestNG.Actitime_Priority@6b19b79</td></tr>
<tr>
<td title='dataProvider.Test1.loginVtiger()'><b>loginVtiger</b><br>Test class: dataProvider.Test1<br>Parameters: chrome, admin, Test@123</td>
<td></td>
<td>36</td>
<td>dataProvider.Test1@13c10b87</td></tr>
<tr>
<td title='dataProvider.Test1.loginVtiger()'><b>loginVtiger</b><br>Test class: dataProvider.Test1<br>Parameters: firefox, admin, Test@123</td>
<td></td>
<td>59</td>
<td>dataProvider.Test1@13c10b87</td></tr>
<tr>
<td title='actitimeTestNG.Actitime_Dependson.logoutClose()'><b>logoutClose</b><br>Test class: actitimeTestNG.Actitime_Dependson</td>
<td></td>
<td>0</td>
<td>actitimeTestNG.Actitime_Dependson@23f7d05d</td></tr>
<tr>
<td title='actitimeTestNG.Actitime_Priority.logoutClose()'><b>logoutClose</b><br>Test class: actitimeTestNG.Actitime_Priority</td>
<td></td>
<td>0</td>
<td>actitimeTestNG.Actitime_Priority@6b19b79</td></tr>
<tr>
<td title='dropDown.DynamicDropDown.makemytrip()'><b>makemytrip</b><br>Test class: dropDown.DynamicDropDown</td>
<td></td>
<td>0</td>
<td>dropDown.DynamicDropDown@2a32de6c</td></tr>
<tr>
<td title='actitimeTestNG.Actitime_enabled.openBrowserAndAppURL()'><b>openBrowserAndAppURL</b><br>Test class: actitimeTestNG.Actitime_enabled</td>
<td></td>
<td>0</td>
<td>actitimeTestNG.Actitime_enabled@1df82230</td></tr>
<tr>
<td title='actitimeTestNG.Actitime_Timeout.openBrowserAndAppURL()'><b>openBrowserAndAppURL</b><br>Test class: actitimeTestNG.Actitime_Timeout</td>
<td></td>
<td>0</td>
<td>actitimeTestNG.Actitime_Timeout@23986957</td></tr>
<tr>
<td title='actitimeTestNG.Actitime_InvocationCount.openBrowserAndAppURL()'><b>openBrowserAndAppURL</b><br>Test class: actitimeTestNG.Actitime_InvocationCount</td>
<td></td>
<td>0</td>
<td>actitimeTestNG.Actitime_InvocationCount@7f1302d6</td></tr>
<tr>
<td title='actitimeTestNG.Actitime_InvocationCount.openBrowserAndAppURL()'><b>openBrowserAndAppURL</b><br>Test class: actitimeTestNG.Actitime_InvocationCount</td>
<td></td>
<td>0</td>
<td>actitimeTestNG.Actitime_InvocationCount@7f1302d6</td></tr>
<tr>
<td title='actitimeTestNG.Actitime_InvocationCount.openBrowserAndAppURL()'><b>openBrowserAndAppURL</b><br>Test class: actitimeTestNG.Actitime_InvocationCount</td>
<td></td>
<td>0</td>
<td>actitimeTestNG.Actitime_InvocationCount@7f1302d6</td></tr>
<tr>
<td title='actitimeTestNG.Actitime_InvocationCount.openBrowserAndAppURL()'><b>openBrowserAndAppURL</b><br>Test class: actitimeTestNG.Actitime_InvocationCount</td>
<td></td>
<td>0</td>
<td>actitimeTestNG.Actitime_InvocationCount@7f1302d6</td></tr>
<tr>
<td title='actitimeTestNG.Actitime_InvocationCount.openBrowserAndAppURL()'><b>openBrowserAndAppURL</b><br>Test class: actitimeTestNG.Actitime_InvocationCount</td>
<td></td>
<td>0</td>
<td>actitimeTestNG.Actitime_InvocationCount@7f1302d6</td></tr>
<tr>
<td title='actitimeTestNG.Actitime_Priority.openBrowserAndAppURL()'><b>openBrowserAndAppURL</b><br>Test class: actitimeTestNG.Actitime_Priority<br>Test method: Open browser and enter URL</td>
<td></td>
<td>0</td>
<td>actitimeTestNG.Actitime_Priority@6b19b79</td></tr>
<tr>
<td title='excelReading.ExcelReading.readSheetDetails()'><b>readSheetDetails</b><br>Test class: excelReading.ExcelReading</td>
<td></td>
<td>0</td>
<td>excelReading.ExcelReading@5a955565</td></tr>
<tr>
<td title='sample.Sample2.signUp()'><b>signUp</b><br>Test class: sample.Sample2</td>
<td></td>
<td>0</td>
<td>sample.Sample2@75f32542</td></tr>
<tr>
<td title='dropDown.DynamicDropDown.start()'><b>start</b><br>Test class: dropDown.DynamicDropDown</td>
<td></td>
<td>32</td>
<td>dropDown.DynamicDropDown@2a32de6c</td></tr>
<tr>
<td title='sample.Sample1.test()'><b>test</b><br>Test class: sample.Sample1</td>
<td></td>
<td>0</td>
<td>sample.Sample1@7692d9cc</td></tr>
<tr>
<td title='dataProvider.DataProvider1.test1()'><b>test1</b><br>Test class: dataProvider.DataProvider1<br>Parameters: username, password, 123</td>
<td></td>
<td>0</td>
<td>dataProvider.DataProvider1@6a01e23</td></tr>
<tr>
<td title='dataProvider.DataProvider1.test1()'><b>test1</b><br>Test class: dataProvider.DataProvider1<br>Parameters: username1, password2, 1234</td>
<td></td>
<td>0</td>
<td>dataProvider.DataProvider1@6a01e23</td></tr>
<tr>
<td title='anotation.AnoDependencies.test1()'><b>test1</b><br>Test class: anotation.AnoDependencies</td>
<td></td>
<td>0</td>
<td>anotation.AnoDependencies@1e730495</td></tr>
<tr>
<td title='anotation.simpleTest.test1()'><b>test1</b><br>Test class: anotation.simpleTest</td>
<td></td>
<td>0</td>
<td>anotation.simpleTest@79ad8b2f</td></tr>
<tr>
<td title='anotation.AnoPriority.test1()'><b>test1</b><br>Test class: anotation.AnoPriority</td>
<td></td>
<td>0</td>
<td>anotation.AnoPriority@60704c</td></tr>
<tr>
<td title='anotation.AnoDependencies.test2()'><b>test2</b><br>Test class: anotation.AnoDependencies</td>
<td></td>
<td>0</td>
<td>anotation.AnoDependencies@1e730495</td></tr>
<tr>
<td title='anotation.simpleTest.test2()'><b>test2</b><br>Test class: anotation.simpleTest</td>
<td></td>
<td>0</td>
<td>anotation.simpleTest@79ad8b2f</td></tr>
<tr>
<td title='anotation.AnoPriority.test3()'><b>test3</b><br>Test class: anotation.AnoPriority</td>
<td></td>
<td>0</td>
<td>anotation.AnoPriority@60704c</td></tr>
<tr>
<td title='anotation.AnoDependencies.test3()'><b>test3</b><br>Test class: anotation.AnoDependencies</td>
<td></td>
<td>0</td>
<td>anotation.AnoDependencies@1e730495</td></tr>
<tr>
<td title='anotation.AnoalwaysRun.test4()'><b>test4</b><br>Test class: anotation.AnoalwaysRun</td>
<td></td>
<td>0</td>
<td>anotation.AnoalwaysRun@7fc2413d</td></tr>
<tr>
<td title='sample.NewTest.testCase1()'><b>testCase1</b><br>Test class: sample.NewTest</td>
<td></td>
<td>31</td>
<td>sample.NewTest@70be0a2b</td></tr>
<tr>
<td title='pageObjectModel.TestContactPage.testContactsCreation()'><b>testContactsCreation</b><br>Test class: pageObjectModel.TestContactPage</td>
<td></td>
<td>0</td>
<td>pageObjectModel.TestContactPage@22635ba0</td></tr>
<tr>
<td title='pageObjectModel.TestContactPage.testDeletionCreation()'><b>testDeletionCreation</b><br>Test class: pageObjectModel.TestContactPage</td>
<td></td>
<td>0</td>
<td>pageObjectModel.TestContactPage@22635ba0</td></tr>
</table><p>
<table width='100%' border='1' class='invocation-skipped'>
<tr><td colspan='4' align='center'><b>SKIPPED TESTS</b></td></tr>
<tr><td><b>Test method</b></td>
<td width="30%"><b>Exception</b></td>
<td width="10%"><b>Time (seconds)</b></td>
<td><b>Instance</b></td>
</tr>
<tr>
<td title='actitimeTestNG.Actitime_Dependson.login()'><b>login</b><br>Test class: actitimeTestNG.Actitime_Dependson</td>
<td><div><pre>java.lang.Throwable: Method Actitime_Dependson.login()[pri:0, instance:actitimeTestNG.Actitime_Dependson@23f7d05d] depends on not successfully finished methods
... Removed 26 stack frames</pre></div><a href='#' onClick='toggleBox("stack-trace1134237170", this, "Click to show all stack frames", "Click to hide stack frames")'>Click to show all stack frames</a>
<div class='stack-trace' id='stack-trace1134237170'><pre>java.lang.Throwable: Method Actitime_Dependson.login()[pri:0, instance:actitimeTestNG.Actitime_Dependson@23f7d05d] depends on not successfully finished methods
	at org.testng.internal.Invoker.invokeTestMethods(Invoker.java:1037)
	at org.testng.internal.TestMethodWorker.invokeTestMethods(TestMethodWorker.java:129)
	at org.testng.internal.TestMethodWorker.run(TestMethodWorker.java:112)
	at org.testng.TestRunner.privateRun(TestRunner.java:782)
	at org.testng.TestRunner.run(TestRunner.java:632)
	at org.testng.SuiteRunner.runTest(SuiteRunner.java:366)
	at org.testng.SuiteRunner.runSequentially(SuiteRunner.java:361)
	at org.testng.SuiteRunner.privateRun(SuiteRunner.java:319)
	at org.testng.SuiteRunner.run(SuiteRunner.java:268)
	at org.testng.SuiteRunnerWorker.runSuite(SuiteRunnerWorker.java:52)
	at org.testng.SuiteRunnerWorker.run(SuiteRunnerWorker.java:86)
	at org.testng.TestNG.runSuitesSequentially(TestNG.java:1244)
	at org.testng.TestNG.runSuitesLocally(TestNG.java:1169)
	at org.testng.TestNG.run(TestNG.java:1064)
	at org.apache.maven.surefire.testng.TestNGExecutor.run(TestNGExecutor.java:178)
	at org.apache.maven.surefire.testng.TestNGXmlTestSuite.execute(TestNGXmlTestSuite.java:92)
	at org.apache.maven.surefire.testng.TestNGProvider.invoke(TestNGProvider.java:96)
	at sun.reflect.NativeMethodAccessorImpl.invoke0(Native Method)
	at sun.reflect.NativeMethodAccessorImpl.invoke(NativeMethodAccessorImpl.java:62)
	at sun.reflect.DelegatingMethodAccessorImpl.invoke(DelegatingMethodAccessorImpl.java:43)
	at java.lang.reflect.Method.invoke(Method.java:498)
	at org.apache.maven.surefire.util.ReflectionUtils.invokeMethodWithArray(ReflectionUtils.java:189)
	at org.apache.maven.surefire.booter.ProviderFactory$ProviderProxy.invoke(ProviderFactory.java:165)
	at org.apache.maven.surefire.booter.ProviderFactory.invokeProvider(ProviderFactory.java:85)
	at org.apache.maven.surefire.booter.ForkedBooter.runSuitesInProcess(ForkedBooter.java:115)
	at org.apache.maven.surefire.booter.ForkedBooter.main(ForkedBooter.java:75)
</pre></div></td>
<td>0</td>
<td>null</td></tr>
<tr>
<td title='anotation.AnoalwaysRun.test3()'><b>test3</b><br>Test class: anotation.AnoalwaysRun</td>
<td><div><pre>java.lang.Throwable: Method AnoalwaysRun.test3()[pri:0, instance:anotation.AnoalwaysRun@7fc2413d] depends on not successfully finished methods
... Removed 26 stack frames</pre></div><a href='#' onClick='toggleBox("stack-trace645777794", this, "Click to show all stack frames", "Click to hide stack frames")'>Click to show all stack frames</a>
<div class='stack-trace' id='stack-trace645777794'><pre>java.lang.Throwable: Method AnoalwaysRun.test3()[pri:0, instance:anotation.AnoalwaysRun@7fc2413d] depends on not successfully finished methods
	at org.testng.internal.Invoker.invokeTestMethods(Invoker.java:1037)
	at org.testng.internal.TestMethodWorker.invokeTestMethods(TestMethodWorker.java:129)
	at org.testng.internal.TestMethodWorker.run(TestMethodWorker.java:112)
	at org.testng.TestRunner.privateRun(TestRunner.java:782)
	at org.testng.TestRunner.run(TestRunner.java:632)
	at org.testng.SuiteRunner.runTest(SuiteRunner.java:366)
	at org.testng.SuiteRunner.runSequentially(SuiteRunner.java:361)
	at org.testng.SuiteRunner.privateRun(SuiteRunner.java:319)
	at org.testng.SuiteRunner.run(SuiteRunner.java:268)
	at org.testng.SuiteRunnerWorker.runSuite(SuiteRunnerWorker.java:52)
	at org.testng.SuiteRunnerWorker.run(SuiteRunnerWorker.java:86)
	at org.testng.TestNG.runSuitesSequentially(TestNG.java:1244)
	at org.testng.TestNG.runSuitesLocally(TestNG.java:1169)
	at org.testng.TestNG.run(TestNG.java:1064)
	at org.apache.maven.surefire.testng.TestNGExecutor.run(TestNGExecutor.java:178)
	at org.apache.maven.surefire.testng.TestNGXmlTestSuite.execute(TestNGXmlTestSuite.java:92)
	at org.apache.maven.surefire.testng.TestNGProvider.invoke(TestNGProvider.java:96)
	at sun.reflect.NativeMethodAccessorImpl.invoke0(Native Method)
	at sun.reflect.NativeMethodAccessorImpl.invoke(NativeMethodAccessorImpl.java:62)
	at sun.reflect.DelegatingMethodAccessorImpl.invoke(DelegatingMethodAccessorImpl.java:43)
	at java.lang.reflect.Method.invoke(Method.java:498)
	at org.apache.maven.surefire.util.ReflectionUtils.invokeMethodWithArray(ReflectionUtils.java:189)
	at org.apache.maven.surefire.booter.ProviderFactory$ProviderProxy.invoke(ProviderFactory.java:165)
	at org.apache.maven.surefire.booter.ProviderFactory.invokeProvider(ProviderFactory.java:85)
	at org.apache.maven.surefire.booter.ForkedBooter.runSuitesInProcess(ForkedBooter.java:115)
	at org.apache.maven.surefire.booter.ForkedBooter.main(ForkedBooter.java:75)
</pre></div></td>
<td>0</td>
<td>null</td></tr>
</table><p>
</body>
</html>