<?xml version="1.0" encoding="UTF-8"?>
<!-- Generated by org.testng.reporters.JUnitXMLReporter -->
<testsuite hostname="LAPTOP-41741T4J" name="Test" tests="64" failures="5" timestamp="24 Sep 2022 05:16:25 GMT" time="191.156" errors="0">
  <testcase name="createTask" time="0.0" classname="actitimeTestNG.Actitime_enabled"/>
  <testcase name="openBrowserAndAppURL" time="0.194" classname="actitimeTestNG.Actitime_enabled"/>
  <testcase name="testContactsCreation" time="0.0" classname="pageObjectModel.TestContactPage"/>
  <testcase name="testDeletionCreation" time="0.0" classname="pageObjectModel.TestContactPage"/>
  <testcase name="loginVtiger" time="36.402" classname="dataProvider.Test1"/>
  <testcase name="loginVtiger" time="59.525" classname="dataProvider.Test1"/>
  <testcase name="test1" time="0.0" classname="dataProvider.DataProvider1"/>
  <testcase name="test1" time="0.0" classname="dataProvider.DataProvider1"/>
  <testcase name="getCellData" time="0.978" classname="excelReading.ExcelReading"/>
  <testcase name="getCellDetails" time="0.087" classname="excelReading.ExcelReading"/>
  <testcase name="getRowDetails" time="0.057" classname="excelReading.ExcelReading"/>
  <testcase name="readSheetDetails" time="0.045" classname="excelReading.ExcelReading"/>
  <testcase name="updateExcel" time="0.048" classname="excelReading.UpdateExcel">
    <failure type="java.lang.NullPointerException">
      <![CDATA[java.lang.NullPointerException
	at excelReading.UpdateExcel.updateExcel(UpdateExcel.java:23)
... Removed 33 stack frames]]>
    </failure>
  </testcase> <!-- updateExcel -->
  <testcase name="Test1" time="0.0" classname="retryAnalyzer.MyTest"/>
  <testcase name="Test2" time="0.0" classname="retryAnalyzer.MyTest"/>
  <testcase name="test1" time="0.0" classname="anotation.AnoalwaysRun">
    <failure type="java.lang.AssertionError" message="expected [true] but found [false]">
      <![CDATA[java.lang.AssertionError: expected [true] but found [false]
	at anotation.AnoalwaysRun.test1(AnoalwaysRun.java:9)
... Removed 37 stack frames]]>
    </failure>
  </testcase> <!-- test1 -->
  <testcase name="test2" time="0.0" classname="anotation.AnoalwaysRun">
    <failure type="java.lang.AssertionError" message="Method fail">
      <![CDATA[java.lang.AssertionError: Method fail
	at anotation.AnoalwaysRun.test2(AnoalwaysRun.java:14)
... Removed 34 stack frames]]>
    </failure>
  </testcase> <!-- test2 -->
  <testcase name="test4" time="0.0" classname="anotation.AnoalwaysRun"/>
  <testcase name="addDepartmentTestCase" time="0.014" classname="dataProvider.IncludeExclude"/>
  <testcase name="addEmployeeTestCase" time="0.001" classname="dataProvider.IncludeExclude"/>
  <testcase name="addLocationTestCase" time="0.001" classname="dataProvider.IncludeExclude"/>
  <testcase name="testCase1" time="31.401" classname="sample.NewTest"/>
  <testcase name="dividedByZeroExample1" time="0.0" classname="actitimeTestNG.Actitime_ExceptionAndTimeout"/>
  <testcase name="executetimeOut" time="0.006" classname="actitimeTestNG.Actitime_ExceptionAndTimeout"/>
  <testcase name="ReportTest1" time="26.454" classname="report.TestReport"/>
  <testcase name="openBrowserAndAppURL" time="0.194" classname="actitimeTestNG.Actitime_Timeout"/>
  <testcase name="createTask" time="0.001" classname="actitimeTestNG.Actitime_Dependson"/>
  <testcase name="logoutClose" time="0.001" classname="actitimeTestNG.Actitime_Dependson"/>
  <testcase name="openBrowserAndAppURL" time="0.0" classname="actitimeTestNG.Actitime_Dependson">
    <failure type="java.lang.ArithmeticException" message="/ by zero">
      <![CDATA[java.lang.ArithmeticException: / by zero
	at actitimeTestNG.Actitime_Dependson.openBrowserAndAppURL(Actitime_Dependson.java:9)
... Removed 33 stack frames]]>
    </failure>
  </testcase> <!-- openBrowserAndAppURL -->
  <testcase name="test1" time="0.0" classname="anotation.AnoDependencies"/>
  <testcase name="test2" time="0.0" classname="anotation.AnoDependencies"/>
  <testcase name="Addition" time="0.0" classname="dataProvider.GroupExample"/>
  <testcase name="Division" time="0.0" classname="dataProvider.GroupExample"/>
  <testcase name="Modulus" time="0.0" classname="dataProvider.GroupExample"/>
  <testcase name="Multiplication" time="0.0" classname="dataProvider.GroupExample"/>
  <testcase name="Percentage" time="0.0" classname="dataProvider.GroupExample"/>
  <testcase name="Substraction" time="0.0" classname="dataProvider.GroupExample"/>
  <testcase name="Test1" time="0.016" classname="retryAnalyzer.RuntimeRetry"/>
  <testcase name="Test2" time="0.001" classname="retryAnalyzer.RuntimeRetry">
    <failure type="java.lang.AssertionError" message="expected [true] but found [false]">
      <![CDATA[java.lang.AssertionError: expected [true] but found [false]
	at retryAnalyzer.RuntimeRetry.Test2(RuntimeRetry.java:14)
... Removed 39 stack frames]]>
    </failure>
  </testcase> <!-- Test2 -->
  <testcase name="test1" time="0.0" classname="anotation.simpleTest"/>
  <testcase name="test2" time="0.0" classname="anotation.simpleTest"/>
  <testcase name="makemytrip" time="0.0" classname="dropDown.DynamicDropDown"/>
  <testcase name="start" time="32.101" classname="dropDown.DynamicDropDown"/>
  <testcase name="test" time="0.0" classname="sample.Sample1"/>
  <testcase name="compose" time="0.0" classname="sample.Sample2"/>
  <testcase name="login" time="0.0" classname="sample.Sample2"/>
  <testcase name="signUp" time="0.0" classname="sample.Sample2"/>
  <testcase name="openBrowserAndAppURL" time="0.0" classname="actitimeTestNG.Actitime_InvocationCount"/>
  <testcase name="openBrowserAndAppURL" time="0.002" classname="actitimeTestNG.Actitime_InvocationCount"/>
  <testcase name="openBrowserAndAppURL" time="0.0" classname="actitimeTestNG.Actitime_InvocationCount"/>
  <testcase name="openBrowserAndAppURL" time="0.0" classname="actitimeTestNG.Actitime_InvocationCount"/>
  <testcase name="openBrowserAndAppURL" time="0.0" classname="actitimeTestNG.Actitime_InvocationCount"/>
  <testcase name="a_signUp" time="0.0" classname="sample.Sample3"/>
  <testcase name="b_login" time="0.001" classname="sample.Sample3"/>
  <testcase name="c_compose" time="0.0" classname="sample.Sample3"/>
  <testcase name="test1" time="0.0" classname="anotation.AnoPriority"/>
  <testcase name="test3" time="0.0" classname="anotation.AnoPriority"/>
  <testcase name="openBrowserAndAppURL" time="0.0" classname="actitimeTestNG.Actitime_Priority"/>
  <testcase name="login" time="0.0" classname="actitimeTestNG.Actitime_Priority"/>
  <testcase name="createTask" time="0.001" classname="actitimeTestNG.Actitime_Priority"/>
  <testcase name="logoutClose" time="0.0" classname="actitimeTestNG.Actitime_Priority"/>
  <testcase name="test3" time="0.0" classname="anotation.AnoalwaysRun">
    <skipped/>
  </testcase> <!-- test3 -->
  <testcase name="login" time="0.001" classname="actitimeTestNG.Actitime_Dependson">
    <skipped/>
  </testcase> <!-- login -->
  <testcase name="test3" time="0.0" classname="anotation.AnoDependencies"/>
</testsuite> <!-- Test -->
